$ python ic3po.py -v 2 -o results -n mongo_raft_simple my_examples/mongo_raft/mongo_raft_simple.ivy
------------------------------------------------------------------------
IC3PO: IC3 for Proving Protocol Properties
copyright (c) 2021  Aman Goel and Karem Sakallah, University of Michigan
------------------------------------------------------------------------

        (output dir: results/mongo_raft_simple)
        (frontend: ivy)
        (converting: ivy -> vmt)
        (mode: ic3po)
        (reuse: 1)
        (opt: 1)
        (const: 1)
        (wires: 1)
        (using z3 4.8.10.0 with seed 0)
        (epr: True)
        (gen: prefer_epr)
        (found #3 actions)
Finitize index ? 2
        (setting |index| to 2)
Finitize quorum ? 2
        (setting |quorum| to 2)
Finitize server ? 2
        (setting |server| to 2)
Finitize term ? 2
        (setting |term| to 2)

Finite sorts: #4
        |index| = 2
        |term| = 2
        |quorum| = 2
        |server| = 2
        (input is in epr)
@     2s  0: 1 :1    
@     3s  1: 1 2 :3    
@     3s  2: 1 2 5 :8    
@     5s  3: 1 2 3 9 :15    
@     5s  4: 1 2 3 3 7 :16    
@     5s  5: 1 2 3 3 0 7 :16    

@     5s  Minimizing...
@     6s  Minimized proof certificate (finite) of size 4.
@     6s  (finite convergence checks)
@     6s        |index| = 3 :   pass
@     6s        |term| = 3 :    fail
@     6s  (extended |term| to 3)
@     6s  (finite convergence checks failed for term)
@     6s  (incremental SymIC3)

Finite sorts (step 1): #4
        |index| = 2
        |term| = 3
        |quorum| = 2
        |server| = 2
@     6s  0: 1 :1    
@     7s  1: 1 4 :5    
@     8s  2: 1 2 7 :10    
@    12s  3: 1 2 2 17 :22    
@    16s  4: 1 2 3 3 16 :25    
@    22s  5: 1 2 4 5 2 16 :30    
@    23s  6: 1 2 3 3 0 20 0 :29    
@    25s  Minimizing...
@    34s  Minimized proof certificate (finite) of size 10.
@    34s  (finite convergence checks)
@    35s        |index| = 3 :   fail
@    35s  (extended |index| to 3)
@    35s  (finite convergence checks failed for index)
@    35s  (incremental SymIC3)

Finite sorts (step 2): #4
        |index| = 3
        |term| = 3
        |quorum| = 2
        |server| = 2
@    35s  0: 1 :1    
@    36s  1: 1 9 :10    
@    38s  2: 1 1 11 :13    
@    52s  3: 1 1 7 26 :35    
@    79s  4: 1 1 6 13 35 :56    
@    84s  5: 1 1 6 6 2 32 :48     
@    87s  6: 1 1 6 6 2 0 32 :48     

@    88s  Minimizing...
@   102s  Minimized proof certificate (finite) of size 13.
@   103s  (finite convergence checks)
@   103s        |quorum| = 3 :  pass
@   103s        |server| = 3 :  fail
@   103s  (extended |server| to 3)
@   103s  (finite convergence checks failed for server)
@   103s  (incremental SymIC3)

Finite sorts (step 3): #4
        |index| = 3
        |term| = 3
        |quorum| = 2
        |server| = 3
@   104s  0: 1 :1    
@   104s  1: 1 12 :13    
@   106s  2: 1 3 12 :16    
@   108s  3: 1 3 0 12 :16    

@   109s  Minimizing...
@   122s  Minimized proof certificate (finite) of size 13.
@   122s  (finite convergence checks)
@   130s        |quorum| = 3 :  fail
@   130s  (extended |quorum| to 3)
@   130s  (finite convergence checks failed for quorum)
@   130s  (removed 1 long clauses)
@   130s  (incremental SymIC3)

Finite sorts (step 4): #4
        |index| = 3
        |term| = 3
        |quorum| = 3
        |server| = 3
@   130s  0: 1 :1    
@   130s  1: 1 8 :9      
@   132s  2: 1 1 14 :16    
@   183s  3: 1 1 2 17 :21    
@   276s  4: 1 1 2 1 16 :21    
@   378s  5: 1 1 2 1 0 16 :21    

@   440s  Minimizing...
@   571s  Minimized proof certificate (finite) of size 10.
@   572s  (finite convergence checks)
@   581s        |index| = 4 :   pass
@   607s        |term| = 4 :    pass
@   629s        |quorum| = 4 :  pass
@   661s        |server| = 4 :  pass
@   661s  (all finite convergence checks passed)
@   665s  (unbounded induction checks passed)
Finite sorts (final): #4
        |server| = 3
        |term| = 3
        |quorum| = 3
        |index| = 3
        (invariant file: results/mongo_raft_simple/mongo_raft_simple.inv)
@   665s  Property proved. Proof certificate of size 10
        (with inv: epr: True)