$ python ic3po.py -v 5 -o results -n mongo_raft_simple my_examples/mongo_raft/mongo_raft_simple.ivy                                                    
------------------------------------------------------------------------
IC3PO: IC3 for Proving Protocol Properties
copyright (c) 2021  Aman Goel and Karem Sakallah, University of Michigan
------------------------------------------------------------------------

        (output dir: results/mongo_raft_simple)
        (frontend: ivy)
        (converting: ivy -> vmt)
        (mode: ic3po)
        (reuse: 1)
        (opt: 1)
        (const: 1)
        (wires: 1)
        (using z3 4.8.10.0 with seed 0)
        (epr: True)
        (gen: prefer_epr)
        (found #3 actions)
Finitize index ? 2
        (setting |index| to 2)
Finitize quorum ? 2
        (setting |quorum| to 2)
Finitize server ? 2
        (setting |server| to 2)
Finitize term ? 2
        (setting |term| to 2)

Finite sorts: #4
        |index| = 2
        |term| = 2
        |quorum| = 2
        |server| = 2
        (input is in epr)
@     3s  0: 1 :1    
@     4s  1: 1 2 :3    
@     4s  2: 1 2 5 :8    
@     6s  3: 1 2 3 9 :15    
@     6s  4: 1 2 3 3 7 :16    
@     6s  5: 1 2 3 3 0 7 :16    

@     6s  Minimizing...
@     7s  Minimized proof certificate (finite) of size 4.
@     7s  (finite convergence checks)
@     7s        |index| = 3 :   pass
@     7s        |term| = 3 :    fail
@     7s  (extended |term| to 3)
@     7s  (finite convergence checks failed for term)
@     7s  (incremental SymIC3)

Finite sorts (step 1): #4
        |index| = 2
        |term| = 3
        |quorum| = 2
        |server| = 2
@     7s  0: 1 :1    
@     7s  1: 1 4 :5    
@     8s  2: 1 2 7 :10    
@    12s  3: 1 2 2 17 :22    
@    14s  4: 1 2 3 3 16 :25    
@    19s  5: 1 2 4 5 2 16 :30    
@    20s  6: 1 2 3 3 0 20 0 :29    
@    22s  Minimizing...
@    30s  Minimized proof certificate (finite) of size 10.
@    30s  (finite convergence checks)
@    31s        |index| = 3 :   fail
@    31s  (extended |index| to 3)
@    31s  (finite convergence checks failed for index)
@    31s  (incremental SymIC3)

Finite sorts (step 2): #4
        |index| = 3
        |term| = 3
        |quorum| = 2
        |server| = 2
@    31s  0: 1 :1    
@    31s  1: 1 9 :10    
@    33s  2: 1 1 11 :13    
@    46s  3: 1 1 7 26 :35    
@    78s  4: 1 1 6 13 35 :56    
@    88s  5: 1 1 6 6 2 32 :48     
@    93s  6: 1 1 6 6 2 0 32 :48     

@    95s  Minimizing...
@   120s  Minimized proof certificate (finite) of size 13.
@   120s  (finite convergence checks)
@   121s        |quorum| = 3 :  pass
@   122s        |server| = 3 :  fail
@   122s  (extended |server| to 3)
@   122s  (finite convergence checks failed for server)
@   122s  (incremental SymIC3)

Finite sorts (step 3): #4
        |index| = 3
        |term| = 3
        |quorum| = 2
        |server| = 3
@   122s  0: 1 :1    
@   123s  1: 1 12 :13    
@   127s  2: 1 3 12 :16    
@   129s  3: 1 3 0 12 :16    

@   130s  Minimizing...
@   144s  Minimized proof certificate (finite) of size 13.
@   144s  (finite convergence checks)
@   156s        |quorum| = 3 :  fail
@   156s  (extended |quorum| to 3)
@   156s  (finite convergence checks failed for quorum)
@   156s  (removed 1 long clauses)
@   156s  (incremental SymIC3)

Finite sorts (step 4): #4
        |index| = 3
        |term| = 3
        |quorum| = 3
        |server| = 3
@   156s  0: 1 :1    
@   157s  1: 1 8 :9      
@   161s  2: 1 1 14 :16    
@   220s  3: 1 1 2 17 :21    
@   316s  4: 1 1 2 1 16 :21    
@   425s  5: 1 1 2 1 0 16 :21    

@   513s  Minimizing...
@   690s  Minimized proof certificate (finite) of size 10.
@   691s  (finite convergence checks)
@   700s        |index| = 4 :   pass
@   731s        |term| = 4 :    pass
@   756s        |quorum| = 4 :  pass
@   796s        |server| = 4 :  pass
@   796s  (all finite convergence checks passed)
@   800s  (unbounded induction checks passed)
Finite sorts (final): #4
        |server| = 3
        |term| = 3
        |quorum| = 3
        |index| = 3
        (invariant file: results/mongo_raft_simple/mongo_raft_simple.inv)
@   800s  Property proved. Proof certificate of size 10
        (with inv: epr: True)